Info: Starting: Create HDL design files for synthesis
Info: qsys-generate C:\Users\astro\Documents\EE371\Lab4\nios2_system.qsys --synthesis=VERILOG --output-directory=C:\Users\astro\Documents\EE371\Lab4\Configuration\synthesis --family="Cyclone V" --part=5CSEMA5F31C6
Progress: Loading Lab4/nios2_system.qsys
Progress: Reading input file
Progress: Adding address_pio [altera_avalon_pio 15.1]
Progress: Parameterizing module address_pio
Progress: Adding charRcvd_pio [altera_avalon_pio 15.1]
Progress: Parameterizing module charRcvd_pio
Progress: Adding charSent_pio [altera_avalon_pio 15.1]
Progress: Parameterizing module charSent_pio
Progress: Adding chipSelect_pio [altera_avalon_pio 15.1]
Progress: Parameterizing module chipSelect_pio
Progress: Adding clk_0 [clock_source 15.1]
Progress: Parameterizing module clk_0
Progress: Adding cpu [altera_nios2_qsys 15.1]
Progress: Parameterizing module cpu
Progress: Adding dataIn_pio [altera_avalon_pio 15.1]
Progress: Parameterizing module dataIn_pio
Progress: Adding dataOut_pio [altera_avalon_pio 15.1]
Progress: Parameterizing module dataOut_pio
Progress: Adding enable_pio [altera_avalon_pio 15.1]
Progress: Parameterizing module enable_pio
Progress: Adding jtag_uart [altera_avalon_jtag_uart 15.1]
Progress: Parameterizing module jtag_uart
Progress: Adding led_pio [altera_avalon_pio 15.1]
Progress: Parameterizing module led_pio
Progress: Adding load_pio [altera_avalon_pio 15.1]
Progress: Parameterizing module load_pio
Progress: Adding onchip_mem [altera_avalon_onchip_memory2 15.1]
Progress: Parameterizing module onchip_mem
Progress: Adding readNWrite_pio [altera_avalon_pio 15.1]
Progress: Parameterizing module readNWrite_pio
Progress: Adding receive_pio [altera_avalon_pio 15.1]
Progress: Parameterizing module receive_pio
Progress: Adding switch_pio [altera_avalon_pio 15.1]
Progress: Parameterizing module switch_pio
Progress: Adding sys_clk_timer [altera_avalon_timer 15.1]
Progress: Parameterizing module sys_clk_timer
Progress: Adding sysid [altera_avalon_sysid_qsys 15.1]
Progress: Parameterizing module sysid
Progress: Adding transmitEnable_pio [altera_avalon_pio 15.1]
Progress: Parameterizing module transmitEnable_pio
Progress: Adding transmit_pio [altera_avalon_pio 15.1]
Progress: Parameterizing module transmit_pio
Progress: Building connections
Progress: Parameterizing connections
Progress: Validating
Progress: Done reading input file
Info: nios2_system.charRcvd_pio: PIO inputs are not hardwired in test bench. Undefined values will be read from PIO inputs during simulation.
Info: nios2_system.charSent_pio: PIO inputs are not hardwired in test bench. Undefined values will be read from PIO inputs during simulation.
Warning: nios2_system.cpu: Nios II Classic cores are no longer recommended for new projects
Info: nios2_system.dataIn_pio: PIO inputs are not hardwired in test bench. Undefined values will be read from PIO inputs during simulation.
Info: nios2_system.receive_pio: PIO inputs are not hardwired in test bench. Undefined values will be read from PIO inputs during simulation.
Info: nios2_system.switch_pio: PIO inputs are not hardwired in test bench. Undefined values will be read from PIO inputs during simulation.
Info: nios2_system.sysid: System ID is not assigned automatically. Edit the System ID parameter to provide a unique ID
Info: nios2_system.sysid: Time stamp will be automatically updated when this component is generated.
Info: nios2_system: Generating nios2_system "nios2_system" for QUARTUS_SYNTH
Info: address_pio: Starting RTL generation for module 'nios2_system_address_pio'
Info: address_pio:   Generation command is [exec C:/altera_lite/15.1/quartus/bin64/perl/bin/perl.exe -I C:/altera_lite/15.1/quartus/bin64/perl/lib -I C:/altera_lite/15.1/quartus/sopc_builder/bin/europa -I C:/altera_lite/15.1/quartus/sopc_builder/bin/perl_lib -I C:/altera_lite/15.1/quartus/sopc_builder/bin -I C:/altera_lite/15.1/quartus/../ip/altera/sopc_builder_ip/common -I C:/altera_lite/15.1/quartus/../ip/altera/sopc_builder_ip/altera_avalon_pio -- C:/altera_lite/15.1/quartus/../ip/altera/sopc_builder_ip/altera_avalon_pio/generate_rtl.pl --name=nios2_system_address_pio --dir=C:/Users/astro/AppData/Local/Temp/alt6851_7593420854926053242.dir/0031_address_pio_gen/ --quartus_dir=C:/altera_lite/15.1/quartus --verilog --config=C:/Users/astro/AppData/Local/Temp/alt6851_7593420854926053242.dir/0031_address_pio_gen//nios2_system_address_pio_component_configuration.pl  --do_build_sim=0  ]
Info: address_pio: Done RTL generation for module 'nios2_system_address_pio'
Info: address_pio: "nios2_system" instantiated altera_avalon_pio "address_pio"
Info: charRcvd_pio: Starting RTL generation for module 'nios2_system_charRcvd_pio'
Info: charRcvd_pio:   Generation command is [exec C:/altera_lite/15.1/quartus/bin64/perl/bin/perl.exe -I C:/altera_lite/15.1/quartus/bin64/perl/lib -I C:/altera_lite/15.1/quartus/sopc_builder/bin/europa -I C:/altera_lite/15.1/quartus/sopc_builder/bin/perl_lib -I C:/altera_lite/15.1/quartus/sopc_builder/bin -I C:/altera_lite/15.1/quartus/../ip/altera/sopc_builder_ip/common -I C:/altera_lite/15.1/quartus/../ip/altera/sopc_builder_ip/altera_avalon_pio -- C:/altera_lite/15.1/quartus/../ip/altera/sopc_builder_ip/altera_avalon_pio/generate_rtl.pl --name=nios2_system_charRcvd_pio --dir=C:/Users/astro/AppData/Local/Temp/alt6851_7593420854926053242.dir/0032_charRcvd_pio_gen/ --quartus_dir=C:/altera_lite/15.1/quartus --verilog --config=C:/Users/astro/AppData/Local/Temp/alt6851_7593420854926053242.dir/0032_charRcvd_pio_gen//nios2_system_charRcvd_pio_component_configuration.pl  --do_build_sim=0  ]
Info: charRcvd_pio: Done RTL generation for module 'nios2_system_charRcvd_pio'
Info: charRcvd_pio: "nios2_system" instantiated altera_avalon_pio "charRcvd_pio"
Info: chipSelect_pio: Starting RTL generation for module 'nios2_system_chipSelect_pio'
Info: chipSelect_pio:   Generation command is [exec C:/altera_lite/15.1/quartus/bin64/perl/bin/perl.exe -I C:/altera_lite/15.1/quartus/bin64/perl/lib -I C:/altera_lite/15.1/quartus/sopc_builder/bin/europa -I C:/altera_lite/15.1/quartus/sopc_builder/bin/perl_lib -I C:/altera_lite/15.1/quartus/sopc_builder/bin -I C:/altera_lite/15.1/quartus/../ip/altera/sopc_builder_ip/common -I C:/altera_lite/15.1/quartus/../ip/altera/sopc_builder_ip/altera_avalon_pio -- C:/altera_lite/15.1/quartus/../ip/altera/sopc_builder_ip/altera_avalon_pio/generate_rtl.pl --name=nios2_system_chipSelect_pio --dir=C:/Users/astro/AppData/Local/Temp/alt6851_7593420854926053242.dir/0033_chipSelect_pio_gen/ --quartus_dir=C:/altera_lite/15.1/quartus --verilog --config=C:/Users/astro/AppData/Local/Temp/alt6851_7593420854926053242.dir/0033_chipSelect_pio_gen//nios2_system_chipSelect_pio_component_configuration.pl  --do_build_sim=0  ]
Info: chipSelect_pio: Done RTL generation for module 'nios2_system_chipSelect_pio'
Info: chipSelect_pio: "nios2_system" instantiated altera_avalon_pio "chipSelect_pio"
Info: cpu: Starting RTL generation for module 'nios2_system_cpu'
Info: cpu:   Generation command is [exec C:/altera_lite/15.1/quartus/bin64/eperlcmd.exe -I C:/altera_lite/15.1/quartus/bin64/perl/lib -I C:/altera_lite/15.1/quartus/sopc_builder/bin/europa -I C:/altera_lite/15.1/quartus/sopc_builder/bin/perl_lib -I C:/altera_lite/15.1/quartus/sopc_builder/bin -I C:/altera_lite/15.1/quartus/../ip/altera/nios2_ip/altera_nios2/cpu_lib -I C:/altera_lite/15.1/quartus/../ip/altera/nios2_ip/altera_nios2/nios_lib -I C:/altera_lite/15.1/quartus/../ip/altera/nios2_ip/altera_nios2 -I C:/altera_lite/15.1/quartus/../ip/altera/nios2_ip/altera_nios2 -- C:/altera_lite/15.1/quartus/../ip/altera/nios2_ip/altera_nios2/generate_rtl.epl --name=nios2_system_cpu --dir=C:/Users/astro/AppData/Local/Temp/alt6851_7593420854926053242.dir/0034_cpu_gen/ --quartus_bindir=C:/altera_lite/15.1/quartus/bin64 --verilog --config=C:/Users/astro/AppData/Local/Temp/alt6851_7593420854926053242.dir/0034_cpu_gen//nios2_system_cpu_processor_configuration.pl  --do_build_sim=0  ]
Info: cpu: # 2016.02.19 17:26:09 (*) Starting Nios II generation
Info: cpu: # 2016.02.19 17:26:09 (*)   Checking for plaintext license.
Info: cpu: # 2016.02.19 17:26:13 (*)   Couldn't query license setup in Quartus directory C:/altera_lite/15.1/quartus/bin64
Info: cpu: # 2016.02.19 17:26:13 (*)   Defaulting to contents of LM_LICENSE_FILE environment variable
Info: cpu: # 2016.02.19 17:26:13 (*)   LM_LICENSE_FILE environment variable is empty
Info: cpu: # 2016.02.19 17:26:13 (*)   Plaintext license not found.
Info: cpu: # 2016.02.19 17:26:13 (*)   Checking for encrypted license (non-evaluation).
Info: cpu: # 2016.02.19 17:26:17 (*)   Couldn't query license setup in Quartus directory C:/altera_lite/15.1/quartus/bin64
Info: cpu: # 2016.02.19 17:26:17 (*)   Defaulting to contents of LM_LICENSE_FILE environment variable
Info: cpu: # 2016.02.19 17:26:17 (*)   LM_LICENSE_FILE environment variable is empty
Info: cpu: # 2016.02.19 17:26:17 (*)   Encrypted license not found.  Defaulting to OCP evaluation license (produces a time-limited SOF)
Info: cpu: # 2016.02.19 17:26:17 (*)   Elaborating CPU configuration settings
Info: cpu: # 2016.02.19 17:26:17 (*)   Creating all objects for CPU
Info: cpu: # 2016.02.19 17:26:18 (*)     Pipeline frontend
Info: cpu: # 2016.02.19 17:26:20 (*)   Generating RTL from CPU objects
Info: cpu: # 2016.02.19 17:26:23 (*)   Creating encrypted RTL
Info: cpu: # 2016.02.19 17:26:23 (*) Done Nios II generation
Info: cpu: Done RTL generation for module 'nios2_system_cpu'
Info: cpu: "nios2_system" instantiated altera_nios2_qsys "cpu"
Info: dataIn_pio: Starting RTL generation for module 'nios2_system_dataIn_pio'
Info: dataIn_pio:   Generation command is [exec C:/altera_lite/15.1/quartus/bin64/perl/bin/perl.exe -I C:/altera_lite/15.1/quartus/bin64/perl/lib -I C:/altera_lite/15.1/quartus/sopc_builder/bin/europa -I C:/altera_lite/15.1/quartus/sopc_builder/bin/perl_lib -I C:/altera_lite/15.1/quartus/sopc_builder/bin -I C:/altera_lite/15.1/quartus/../ip/altera/sopc_builder_ip/common -I C:/altera_lite/15.1/quartus/../ip/altera/sopc_builder_ip/altera_avalon_pio -- C:/altera_lite/15.1/quartus/../ip/altera/sopc_builder_ip/altera_avalon_pio/generate_rtl.pl --name=nios2_system_dataIn_pio --dir=C:/Users/astro/AppData/Local/Temp/alt6851_7593420854926053242.dir/0035_dataIn_pio_gen/ --quartus_dir=C:/altera_lite/15.1/quartus --verilog --config=C:/Users/astro/AppData/Local/Temp/alt6851_7593420854926053242.dir/0035_dataIn_pio_gen//nios2_system_dataIn_pio_component_configuration.pl  --do_build_sim=0  ]
Info: dataIn_pio: Done RTL generation for module 'nios2_system_dataIn_pio'
Info: dataIn_pio: "nios2_system" instantiated altera_avalon_pio "dataIn_pio"
Info: dataOut_pio: Starting RTL generation for module 'nios2_system_dataOut_pio'
Info: dataOut_pio:   Generation command is [exec C:/altera_lite/15.1/quartus/bin64/perl/bin/perl.exe -I C:/altera_lite/15.1/quartus/bin64/perl/lib -I C:/altera_lite/15.1/quartus/sopc_builder/bin/europa -I C:/altera_lite/15.1/quartus/sopc_builder/bin/perl_lib -I C:/altera_lite/15.1/quartus/sopc_builder/bin -I C:/altera_lite/15.1/quartus/../ip/altera/sopc_builder_ip/common -I C:/altera_lite/15.1/quartus/../ip/altera/sopc_builder_ip/altera_avalon_pio -- C:/altera_lite/15.1/quartus/../ip/altera/sopc_builder_ip/altera_avalon_pio/generate_rtl.pl --name=nios2_system_dataOut_pio --dir=C:/Users/astro/AppData/Local/Temp/alt6851_7593420854926053242.dir/0036_dataOut_pio_gen/ --quartus_dir=C:/altera_lite/15.1/quartus --verilog --config=C:/Users/astro/AppData/Local/Temp/alt6851_7593420854926053242.dir/0036_dataOut_pio_gen//nios2_system_dataOut_pio_component_configuration.pl  --do_build_sim=0  ]
Info: dataOut_pio: Done RTL generation for module 'nios2_system_dataOut_pio'
Info: dataOut_pio: "nios2_system" instantiated altera_avalon_pio "dataOut_pio"
Info: jtag_uart: Starting RTL generation for module 'nios2_system_jtag_uart'
Info: jtag_uart:   Generation command is [exec C:/altera_lite/15.1/quartus/bin64/perl/bin/perl.exe -I C:/altera_lite/15.1/quartus/bin64/perl/lib -I C:/altera_lite/15.1/quartus/sopc_builder/bin/europa -I C:/altera_lite/15.1/quartus/sopc_builder/bin/perl_lib -I C:/altera_lite/15.1/quartus/sopc_builder/bin -I C:/altera_lite/15.1/quartus/../ip/altera/sopc_builder_ip/common -I C:/altera_lite/15.1/quartus/../ip/altera/sopc_builder_ip/altera_avalon_jtag_uart -- C:/altera_lite/15.1/quartus/../ip/altera/sopc_builder_ip/altera_avalon_jtag_uart/generate_rtl.pl --name=nios2_system_jtag_uart --dir=C:/Users/astro/AppData/Local/Temp/alt6851_7593420854926053242.dir/0037_jtag_uart_gen/ --quartus_dir=C:/altera_lite/15.1/quartus --verilog --config=C:/Users/astro/AppData/Local/Temp/alt6851_7593420854926053242.dir/0037_jtag_uart_gen//nios2_system_jtag_uart_component_configuration.pl  --do_build_sim=0  ]
Info: jtag_uart: Done RTL generation for module 'nios2_system_jtag_uart'
Info: jtag_uart: "nios2_system" instantiated altera_avalon_jtag_uart "jtag_uart"
Info: onchip_mem: Starting RTL generation for module 'nios2_system_onchip_mem'
Info: onchip_mem:   Generation command is [exec C:/altera_lite/15.1/quartus/bin64/perl/bin/perl.exe -I C:/altera_lite/15.1/quartus/bin64/perl/lib -I C:/altera_lite/15.1/quartus/sopc_builder/bin/europa -I C:/altera_lite/15.1/quartus/sopc_builder/bin/perl_lib -I C:/altera_lite/15.1/quartus/sopc_builder/bin -I C:/altera_lite/15.1/quartus/../ip/altera/sopc_builder_ip/common -I C:/altera_lite/15.1/quartus/../ip/altera/sopc_builder_ip/altera_avalon_onchip_memory2 -- C:/altera_lite/15.1/quartus/../ip/altera/sopc_builder_ip/altera_avalon_onchip_memory2/generate_rtl.pl --name=nios2_system_onchip_mem --dir=C:/Users/astro/AppData/Local/Temp/alt6851_7593420854926053242.dir/0038_onchip_mem_gen/ --quartus_dir=C:/altera_lite/15.1/quartus --verilog --config=C:/Users/astro/AppData/Local/Temp/alt6851_7593420854926053242.dir/0038_onchip_mem_gen//nios2_system_onchip_mem_component_configuration.pl  --do_build_sim=0  ]
Info: onchip_mem: Done RTL generation for module 'nios2_system_onchip_mem'
Info: onchip_mem: "nios2_system" instantiated altera_avalon_onchip_memory2 "onchip_mem"
Info: sys_clk_timer: Starting RTL generation for module 'nios2_system_sys_clk_timer'
Info: sys_clk_timer:   Generation command is [exec C:/altera_lite/15.1/quartus/bin64//perl/bin/perl.exe -I C:/altera_lite/15.1/quartus/bin64//perl/lib -I C:/altera_lite/15.1/quartus/sopc_builder/bin/europa -I C:/altera_lite/15.1/quartus/sopc_builder/bin/perl_lib -I C:/altera_lite/15.1/quartus/sopc_builder/bin -I C:/altera_lite/15.1/quartus/../ip/altera/sopc_builder_ip/common -I C:/altera_lite/15.1/quartus/../ip/altera/sopc_builder_ip/altera_avalon_timer -- C:/altera_lite/15.1/quartus/../ip/altera/sopc_builder_ip/altera_avalon_timer/generate_rtl.pl --name=nios2_system_sys_clk_timer --dir=C:/Users/astro/AppData/Local/Temp/alt6851_7593420854926053242.dir/0039_sys_clk_timer_gen/ --quartus_dir=C:/altera_lite/15.1/quartus --verilog --config=C:/Users/astro/AppData/Local/Temp/alt6851_7593420854926053242.dir/0039_sys_clk_timer_gen//nios2_system_sys_clk_timer_component_configuration.pl  --do_build_sim=0  ]
Info: sys_clk_timer: Done RTL generation for module 'nios2_system_sys_clk_timer'
Info: sys_clk_timer: "nios2_system" instantiated altera_avalon_timer "sys_clk_timer"
Info: sysid: "nios2_system" instantiated altera_avalon_sysid_qsys "sysid"
Info: avalon_st_adapter: Inserting error_adapter: error_adapter_0
Info: avalon_st_adapter_001: Inserting error_adapter: error_adapter_0
Info: avalon_st_adapter_002: Inserting error_adapter: error_adapter_0
Info: avalon_st_adapter_003: Inserting error_adapter: error_adapter_0
Info: avalon_st_adapter_004: Inserting error_adapter: error_adapter_0
Info: avalon_st_adapter_005: Inserting error_adapter: error_adapter_0
Info: avalon_st_adapter_006: Inserting error_adapter: error_adapter_0
Info: avalon_st_adapter_007: Inserting error_adapter: error_adapter_0
Info: avalon_st_adapter_008: Inserting error_adapter: error_adapter_0
Info: avalon_st_adapter_009: Inserting error_adapter: error_adapter_0
Info: avalon_st_adapter_010: Inserting error_adapter: error_adapter_0
Info: avalon_st_adapter_011: Inserting error_adapter: error_adapter_0
Info: avalon_st_adapter_012: Inserting error_adapter: error_adapter_0
Info: avalon_st_adapter_013: Inserting error_adapter: error_adapter_0
Info: avalon_st_adapter_014: Inserting error_adapter: error_adapter_0
Info: avalon_st_adapter_015: Inserting error_adapter: error_adapter_0
Info: avalon_st_adapter_016: Inserting error_adapter: error_adapter_0
Info: avalon_st_adapter_017: Inserting error_adapter: error_adapter_0
Info: avalon_st_adapter_018: Inserting error_adapter: error_adapter_0
Info: mm_interconnect_0: "nios2_system" instantiated altera_mm_interconnect "mm_interconnect_0"
Info: irq_mapper: "nios2_system" instantiated altera_irq_mapper "irq_mapper"
Info: rst_controller: "nios2_system" instantiated altera_reset_controller "rst_controller"
Info: cpu_data_master_translator: "mm_interconnect_0" instantiated altera_merlin_master_translator "cpu_data_master_translator"
Info: jtag_uart_avalon_jtag_slave_translator: "mm_interconnect_0" instantiated altera_merlin_slave_translator "jtag_uart_avalon_jtag_slave_translator"
Info: cpu_data_master_agent: "mm_interconnect_0" instantiated altera_merlin_master_agent "cpu_data_master_agent"
Info: jtag_uart_avalon_jtag_slave_agent: "mm_interconnect_0" instantiated altera_merlin_slave_agent "jtag_uart_avalon_jtag_slave_agent"
Info: jtag_uart_avalon_jtag_slave_agent_rsp_fifo: "mm_interconnect_0" instantiated altera_avalon_sc_fifo "jtag_uart_avalon_jtag_slave_agent_rsp_fifo"
Info: router: "mm_interconnect_0" instantiated altera_merlin_router "router"
Info: router_001: "mm_interconnect_0" instantiated altera_merlin_router "router_001"
Info: router_002: "mm_interconnect_0" instantiated altera_merlin_router "router_002"
Info: router_004: "mm_interconnect_0" instantiated altera_merlin_router "router_004"
Info: cpu_instruction_master_limiter: "mm_interconnect_0" instantiated altera_merlin_traffic_limiter "cpu_instruction_master_limiter"
Info: Reusing file C:/Users/astro/Documents/EE371/Lab4/Configuration/synthesis/submodules/altera_avalon_sc_fifo.v
Info: cmd_demux: "mm_interconnect_0" instantiated altera_merlin_demultiplexer "cmd_demux"
Info: cmd_demux_001: "mm_interconnect_0" instantiated altera_merlin_demultiplexer "cmd_demux_001"
Info: cmd_mux: "mm_interconnect_0" instantiated altera_merlin_multiplexer "cmd_mux"
Info: cmd_mux_002: "mm_interconnect_0" instantiated altera_merlin_multiplexer "cmd_mux_002"
Info: Reusing file C:/Users/astro/Documents/EE371/Lab4/Configuration/synthesis/submodules/altera_merlin_arbitrator.sv
Info: rsp_demux: "mm_interconnect_0" instantiated altera_merlin_demultiplexer "rsp_demux"
Info: rsp_demux_002: "mm_interconnect_0" instantiated altera_merlin_demultiplexer "rsp_demux_002"
Info: rsp_mux: "mm_interconnect_0" instantiated altera_merlin_multiplexer "rsp_mux"
Info: Reusing file C:/Users/astro/Documents/EE371/Lab4/Configuration/synthesis/submodules/altera_merlin_arbitrator.sv
Info: rsp_mux_001: "mm_interconnect_0" instantiated altera_merlin_multiplexer "rsp_mux_001"
Info: Reusing file C:/Users/astro/Documents/EE371/Lab4/Configuration/synthesis/submodules/altera_merlin_arbitrator.sv
Info: avalon_st_adapter: "mm_interconnect_0" instantiated altera_avalon_st_adapter "avalon_st_adapter"
Info: error_adapter_0: "avalon_st_adapter" instantiated error_adapter "error_adapter_0"
Info: nios2_system: Done "nios2_system" with 34 modules, 52 files
Info: qsys-generate succeeded.
Info: Finished: Create HDL design files for synthesis
