Flow report for sRamNios
Tue Feb 09 13:57:34 2016
Quartus Prime Version 15.1.1 Build 189 12/02/2015 SJ Lite Edition


---------------------
; Table of Contents ;
---------------------
  1. Legal Notice
  2. Flow Summary
  3. Flow Settings
  4. Flow Non-Default Global Settings
  5. Flow Elapsed Time
  6. Flow OS Summary
  7. Flow Log
  8. Flow Messages
  9. Flow Suppressed Messages



----------------
; Legal Notice ;
----------------
Copyright (C) 1991-2015 Altera Corporation. All rights reserved.
Your use of Altera Corporation's design tools, logic functions 
and other software and tools, and its AMPP partner logic 
functions, and any output files from any of the foregoing 
(including device programming or simulation files), and any 
associated documentation or information are expressly subject 
to the terms and conditions of the Altera Program License 
Subscription Agreement, the Altera Quartus Prime License Agreement,
the Altera MegaCore Function License Agreement, or other 
applicable license agreement, including, without limitation, 
that your use is for the sole purpose of programming logic 
devices manufactured by Altera and sold by Altera or its 
authorized distributors.  Please refer to the applicable 
agreement for further details.



+-------------------------------------------------------------------------------+
; Flow Summary                                                                  ;
+---------------------------------+---------------------------------------------+
; Flow Status                     ; Successful - Tue Feb 09 13:56:25 2016       ;
; Quartus Prime Version           ; 15.1.1 Build 189 12/02/2015 SJ Lite Edition ;
; Revision Name                   ; sRamNios                                    ;
; Top-level Entity Name           ; sRamNios                                    ;
; Family                          ; Cyclone V                                   ;
; Device                          ; 5CSEMA5F31C6                                ;
; Timing Models                   ; Final                                       ;
; Logic utilization (in ALMs)     ; 9,459 / 32,070 ( 29 % )                     ;
; Total registers                 ; 18002                                       ;
; Total pins                      ; 32 / 457 ( 7 % )                            ;
; Total virtual pins              ; 0                                           ;
; Total block memory bits         ; 192,384 / 4,065,280 ( 5 % )                 ;
; Total DSP Blocks                ; 0 / 87 ( 0 % )                              ;
; Total HSSI RX PCSs              ; 0                                           ;
; Total HSSI PMA RX Deserializers ; 0                                           ;
; Total HSSI TX PCSs              ; 0                                           ;
; Total HSSI PMA TX Serializers   ; 0                                           ;
; Total PLLs                      ; 0 / 6 ( 0 % )                               ;
; Total DLLs                      ; 0 / 4 ( 0 % )                               ;
+---------------------------------+---------------------------------------------+


+-----------------------------------------+
; Flow Settings                           ;
+-------------------+---------------------+
; Option            ; Setting             ;
+-------------------+---------------------+
; Start date & time ; 02/09/2016 13:46:46 ;
; Main task         ; Compilation         ;
; Revision Name     ; sRamNios            ;
+-------------------+---------------------+


+-------------------------------------------------------------------------------------------------------------------------------------------------+
; Flow Non-Default Global Settings                                                                                                                ;
+-------------------------------------+------------------------------------------------------------+---------------+-------------+----------------+
; Assignment Name                     ; Value                                                      ; Default Value ; Entity Name ; Section Id     ;
+-------------------------------------+------------------------------------------------------------+---------------+-------------+----------------+
; COMPILER_SIGNATURE_ID               ; 70561818062718.145505440514444                             ; --            ; --          ; --             ;
; EDA_OUTPUT_DATA_FORMAT              ; None                                                       ; --            ; --          ; eda_simulation ;
; MAX_CORE_JUNCTION_TEMP              ; 85                                                         ; --            ; --          ; --             ;
; MIN_CORE_JUNCTION_TEMP              ; 0                                                          ; --            ; --          ; --             ;
; MISC_FILE                           ; sRamQsys/synthesis/../sRamQsys.cmp                         ; --            ; --          ; --             ;
; MISC_FILE                           ; sRamQsys/synthesis/../../sRamQsys.qsys                     ; --            ; --          ; --             ;
; PARTITION_COLOR                     ; 16764057                                                   ; --            ; --          ; Top            ;
; PARTITION_FITTER_PRESERVATION_LEVEL ; PLACEMENT_AND_ROUTING                                      ; --            ; --          ; Top            ;
; PARTITION_NETLIST_TYPE              ; SOURCE                                                     ; --            ; --          ; Top            ;
; POWER_BOARD_THERMAL_MODEL           ; None (CONSERVATIVE)                                        ; --            ; --          ; --             ;
; POWER_PRESET_COOLING_SOLUTION       ; 23 MM HEAT SINK WITH 200 LFPM AIRFLOW                      ; --            ; --          ; --             ;
; PROJECT_OUTPUT_DIRECTORY            ; output_files                                               ; --            ; --          ; --             ;
; SLD_FILE                            ; sRamQsys/synthesis/sRamQsys.regmap                         ; --            ; --          ; --             ;
; SLD_FILE                            ; sRamQsys/synthesis/sRamQsys.debuginfo                      ; --            ; --          ; --             ;
; SLD_INFO                            ; QSYS_NAME sRamQsys HAS_SOPCINFO 1 GENERATION_ID 1455053900 ; --            ; sRamQsys    ; --             ;
; SOPCINFO_FILE                       ; sRamQsys/synthesis/../../sRamQsys.sopcinfo                 ; --            ; --          ; --             ;
; SYNTHESIS_ONLY_QIP                  ; On                                                         ; --            ; --          ; --             ;
+-------------------------------------+------------------------------------------------------------+---------------+-------------+----------------+


+-------------------------------------------------------------------------------------------------------------------------------+
; Flow Elapsed Time                                                                                                             ;
+---------------------------+--------------+-------------------------+---------------------+------------------------------------+
; Module Name               ; Elapsed Time ; Average Processors Used ; Peak Virtual Memory ; Total CPU Time (on all processors) ;
+---------------------------+--------------+-------------------------+---------------------+------------------------------------+
; Analysis & Synthesis      ; 00:01:33     ; 1.4                     ; 1117 MB             ; 00:02:40                           ;
; Fitter                    ; 00:07:09     ; 1.2                     ; 2526 MB             ; 00:12:50                           ;
; Assembler                 ; 00:00:24     ; 1.0                     ; 1072 MB             ; 00:00:23                           ;
; TimeQuest Timing Analyzer ; 00:00:59     ; 1.7                     ; 1496 MB             ; 00:01:38                           ;
; Total                     ; 00:10:05     ; --                      ; --                  ; 00:17:31                           ;
+---------------------------+--------------+-------------------------+---------------------+------------------------------------+


+----------------------------------------------------------------------------------------+
; Flow OS Summary                                                                        ;
+---------------------------+------------------+-----------+------------+----------------+
; Module Name               ; Machine Hostname ; OS Name   ; OS Version ; Processor type ;
+---------------------------+------------------+-----------+------------+----------------+
; Analysis & Synthesis      ; DESKTOP-51KP9NQ  ; Windows 8 ; 6.2        ; x86_64         ;
; Fitter                    ; DESKTOP-51KP9NQ  ; Windows 8 ; 6.2        ; x86_64         ;
; Assembler                 ; DESKTOP-51KP9NQ  ; Windows 8 ; 6.2        ; x86_64         ;
; TimeQuest Timing Analyzer ; DESKTOP-51KP9NQ  ; Windows 8 ; 6.2        ; x86_64         ;
+---------------------------+------------------+-----------+------------+----------------+


------------
; Flow Log ;
------------
quartus_map --read_settings_files=on --write_settings_files=off sRamNios -c sRamNios
quartus_fit --read_settings_files=off --write_settings_files=off sRamNios -c sRamNios
quartus_asm --read_settings_files=off --write_settings_files=off sRamNios -c sRamNios
quartus_sta sRamNios -c sRamNios



